export/android/bin/app/build/intermediates/manifest_merge_blame_file/debug/processDebugMainManifest/manifest-merger-blame-debug-report.txt
1<?xml version="1.0" encoding="utf-8"?>
2<manifest xmlns:android="http://schemas.android.com/apk/res/android"
3    package="com.example.myapp"
4    android:installLocation="auto"
5    android:versionCode="25"
6    android:versionName="0.0.1" >
7
8    <uses-sdk
9        android:minSdkVersion="21"
10        android:targetSdkVersion="35" />
11
12    <uses-feature
12-->src/main/AndroidManifest.xml:4:2-75
13        android:glEsVersion="0x00020000"
13-->src/main/AndroidManifest.xml:4:16-48
14        android:required="true" />
14-->src/main/AndroidManifest.xml:4:49-72
15    <uses-feature
15-->src/main/AndroidManifest.xml:5:2-87
16        android:name="android.hardware.touchscreen"
16-->src/main/AndroidManifest.xml:5:16-59
17        android:required="false" />
17-->src/main/AndroidManifest.xml:5:60-84
18
19    <uses-permission android:name="android.permission.WAKE_LOCK" />
19-->src/main/AndroidManifest.xml:7:2-65
19-->src/main/AndroidManifest.xml:7:19-62
20    <uses-permission android:name="android.permission.INTERNET" />
20-->src/main/AndroidManifest.xml:8:2-64
20-->src/main/AndroidManifest.xml:8:19-61
21    <uses-permission android:name="android.permission.VIBRATE" />
21-->src/main/AndroidManifest.xml:9:2-63
21-->src/main/AndroidManifest.xml:9:19-60
22    <uses-permission android:name="android.permission.ACCESS_NETWORK_STATE" />
22-->src/main/AndroidManifest.xml:10:2-76
22-->src/main/AndroidManifest.xml:10:19-73
23
24    <application
24-->src/main/AndroidManifest.xml:13:2-33:16
25        android:allowBackup="true"
25-->src/main/AndroidManifest.xml:13:15-41
26        android:allowNativeHeapPointerTagging="false"
26-->src/main/AndroidManifest.xml:13:186-231
27        android:appCategory="game"
27-->src/main/AndroidManifest.xml:13:65-91
28        android:debuggable="true"
29        android:extractNativeLibs="true"
30        android:hardwareAccelerated="true"
30-->src/main/AndroidManifest.xml:13:151-185
31        android:icon="@drawable/icon"
31-->src/main/AndroidManifest.xml:13:232-261
32        android:label="Karume"
32-->src/main/AndroidManifest.xml:13:42-64
33        android:theme="@android:style/Theme.NoTitleBar.Fullscreen" >
33-->src/main/AndroidManifest.xml:13:92-150
34        <meta-data
34-->src/main/AndroidManifest.xml:16:3-105
35            android:name="SDL_ENV.SDL_IOS_ORIENTATIONS"
35-->src/main/AndroidManifest.xml:16:14-57
36            android:value="LandscapeLeft LandscapeRight" />
36-->src/main/AndroidManifest.xml:16:58-102
37
38        <activity
38-->src/main/AndroidManifest.xml:19:3-31:14
39            android:name="com.example.myapp.MainActivity"
39-->src/main/AndroidManifest.xml:19:57-84
40            android:configChanges="layoutDirection|locale|orientation|uiMode|screenLayout|screenSize|smallestScreenSize|keyboard|keyboardHidden|navigation"
40-->src/main/AndroidManifest.xml:19:85-228
41            android:exported="true"
41-->src/main/AndroidManifest.xml:19:229-252
42            android:label="Karume"
42-->src/main/AndroidManifest.xml:19:253-275
43            android:launchMode="singleTask"
43-->src/main/AndroidManifest.xml:19:276-307
44            android:screenOrientation="sensorLandscape" >
44-->src/main/AndroidManifest.xml:19:13-56
45            <intent-filter>
45-->src/main/AndroidManifest.xml:21:4-27:20
46                <action android:name="android.intent.action.MAIN" />
46-->src/main/AndroidManifest.xml:23:5-57
46-->src/main/AndroidManifest.xml:23:13-54
47
48                <category android:name="android.intent.category.LAUNCHER" />
48-->src/main/AndroidManifest.xml:24:5-65
48-->src/main/AndroidManifest.xml:24:15-62
49                <category android:name="tv.ouya.intent.category.GAME" />
49-->src/main/AndroidManifest.xml:25:5-61
49-->src/main/AndroidManifest.xml:25:15-58
50            </intent-filter>
51        </activity>
52    </application>
53
54</manifest>